<?xml version="1.0" encoding="UTF-8"?>
<!-- Generated by org.testng.reporters.JUnitReportReporter -->
<testsuite hostname="WKWZTz7OMn2x79I" failures="0" tests="5" name="day5.BrowserStackTest" time="72.422" errors="0" timestamp="2022-11-24T14:25:42 IST" skipped="0">
  <testcase classname="day5.BrowserStackTest" name="gridTest" time="12.663"/>
  <system-out/>
  <testcase classname="day5.BrowserStackTest" name="gridTest" time="13.390"/>
  <system-out/>
  <testcase classname="day5.BrowserStackTest" name="gridTest" time="12.347"/>
  <system-out/>
  <testcase classname="day5.BrowserStackTest" name="gridTest" time="13.114"/>
  <system-out/>
  <testcase classname="day5.BrowserStackTest" name="gridTest" time="20.908"/>
  <system-out/>
</testsuite> <!-- day5.BrowserStackTest -->
