<?xml version="1.0" encoding="UTF-8"?>
<!-- Generated by org.testng.reporters.JUnitReportReporter -->
<testsuite hostname="WKWZTz7OMn2x79I" failures="0" tests="4" name="Day3.LoginTest" time="25.669" errors="0" timestamp="2022-11-22T19:06:24 IST" skipped="0">
  <testcase classname="Day3.LoginTest" name="validuserpass" time="9.759"/>
  <system-out/>
  <testcase classname="Day3.LoginTest" name="invalidpass" time="5.735"/>
  <system-out/>
  <testcase classname="Day3.LoginTest" name="Invalidpassuser" time="5.727"/>
  <system-out/>
  <testcase classname="Day3.LoginTest" name="invaliduser" time="4.448"/>
  <system-out/>
</testsuite> <!-- Day3.LoginTest -->
