<?xml version="1.0" encoding="UTF-8"?>
<!-- Generated by org.testng.reporters.JUnitReportReporter -->
<testsuite hostname="WKWZTz7OMn2x79I" failures="0" tests="1" name="day4.LoginDataProvider" time="0.000" errors="0" timestamp="2022-11-24T00:25:30 IST" skipped="1">
  <testcase classname="day4.LoginDataProvider" name="logintest" time="0.000">
    <skipped/>
  </testcase> <!-- logintest -->
  <system-out/>
</testsuite> <!-- day4.LoginDataProvider -->
