<?xml version="1.0" encoding="UTF-8"?>
<!-- Generated by org.testng.reporters.JUnitReportReporter -->
<testsuite hostname="WKWZTz7OMn2x79I" failures="0" tests="1" name="day5.FileDownload" time="6.044" errors="0" timestamp="2022-11-24T15:29:11 IST" skipped="0">
  <testcase classname="day5.FileDownload" name="fileDownload" time="6.044"/>
  <system-out/>
</testsuite> <!-- day5.FileDownload -->
