<?xml version="1.0" encoding="UTF-8"?>
<!-- Generated by org.testng.reporters.JUnitReportReporter -->
<testsuite hostname="WKWZTz7OMn2x79I" failures="0" tests="1" name="Day3.SmokeTest" time="6.212" errors="0" timestamp="2022-11-22T19:06:24 IST" skipped="0">
  <testcase classname="Day3.SmokeTest" name="Url" time="6.212"/>
  <system-out/>
</testsuite> <!-- Day3.SmokeTest -->
