<?xml version="1.0" encoding="UTF-8"?>
<!-- Generated by org.testng.reporters.JUnitReportReporter -->
<testsuite hostname="WKWZTz7OMn2x79I" failures="0" tests="1" name="day4.ReadingExcel" time="0.891" errors="0" timestamp="2022-11-24T00:09:11 IST" skipped="0">
  <testcase classname="day4.ReadingExcel" name="testdata" time="0.891"/>
  <system-out/>
</testsuite> <!-- day4.ReadingExcel -->
