<?xml version="1.0" encoding="UTF-8"?>
<!-- Generated by org.testng.reporters.JUnitReportReporter -->
<testsuite hostname="WKWZTz7OMn2x79I" failures="0" tests="4" name="Day3.LoginTest" time="30.021" errors="0" timestamp="2022-11-24T00:09:11 IST" skipped="0">
  <testcase classname="Day3.LoginTest" name="invalidpass" time="5.748"/>
  <system-out/>
  <testcase classname="Day3.LoginTest" name="invaliduser" time="5.643"/>
  <system-out/>
  <testcase classname="Day3.LoginTest" name="validuserpass" time="11.255"/>
  <system-out/>
  <testcase classname="Day3.LoginTest" name="Invalidpassuser" time="7.375"/>
  <system-out/>
</testsuite> <!-- Day3.LoginTest -->
