<?xml version="1.0" encoding="UTF-8"?>
<!-- Generated by org.testng.reporters.JUnitReportReporter -->
<testsuite hostname="WKWZTz7OMn2x79I" failures="0" tests="2" name="Day3.MyFirstTestNgTest3" time="0.002" errors="0" timestamp="2022-11-24T00:09:11 IST" skipped="0">
  <testcase classname="Day3.MyFirstTestNgTest3" name="logoutOnMethods" time="0.000"/>
  <system-out/>
  <testcase classname="Day3.MyFirstTestNgTest3" name="login" time="0.002"/>
  <system-out>
    <![CDATA[Login Done]]>
  </system-out>
</testsuite> <!-- Day3.MyFirstTestNgTest3 -->
