<?xml version="1.0" encoding="UTF-8"?>
<!-- Generated by org.testng.reporters.JUnitReportReporter -->
<testsuite hostname="WKWZTz7OMn2x79I" failures="0" tests="1" name="Day3.SmokeTest" time="7.641" errors="0" timestamp="2022-11-24T00:09:11 IST" skipped="0">
  <testcase classname="Day3.SmokeTest" name="Url" time="7.641"/>
  <system-out/>
</testsuite> <!-- Day3.SmokeTest -->
