<?xml version="1.0" encoding="UTF-8"?>
<!-- Generated by org.testng.reporters.JUnitReportReporter -->
<testsuite hostname="WKWZTz7OMn2x79I" failures="0" tests="4" name="Day3.MyFirstTestNG" time="0.003" errors="0" timestamp="2022-11-24T00:09:11 IST" skipped="0">
  <testcase classname="Day3.MyFirstTestNG" name="login" time="0.000"/>
  <system-out/>
  <testcase classname="Day3.MyFirstTestNG" name="createAccount" time="0.001"/>
  <system-out/>
  <testcase classname="Day3.MyFirstTestNG" name="deleteAccount" time="0.000"/>
  <system-out/>
  <testcase classname="Day3.MyFirstTestNG" name="logout" time="0.002"/>
  <system-out/>
</testsuite> <!-- Day3.MyFirstTestNG -->
